{"/Applications/MAMP/htdocs/node-testing-debugging/lib/olympics.js":{"path":"/Applications/MAMP/htdocs/node-testing-debugging/lib/olympics.js","s":{"1":1,"2":1,"3":1,"4":1,"5":0,"6":0,"7":0,"8":1,"9":1,"10":1,"11":1,"12":1,"13":1,"14":1,"15":1,"16":0,"17":1},"b":{"1":[0,1],"2":[0,1]},"f":{"1":1,"2":1},"fnMap":{"1":{"name":"(anonymous_1)","line":5,"loc":{"start":{"line":5,"column":14},"end":{"line":5,"column":33}}},"2":{"name":"getCountryDetails","line":20,"loc":{"start":{"line":20,"column":0},"end":{"line":20,"column":32}}}},"statementMap":{"1":{"start":{"line":1,"column":0},"end":{"line":1,"column":47}},"2":{"start":{"line":3,"column":0},"end":{"line":18,"column":1}},"3":{"start":{"line":6,"column":2},"end":{"line":6,"column":42}},"4":{"start":{"line":7,"column":2},"end":{"line":11,"column":3}},"5":{"start":{"line":8,"column":3},"end":{"line":8,"column":28}},"6":{"start":{"line":9,"column":3},"end":{"line":9,"column":51}},"7":{"start":{"line":10,"column":3},"end":{"line":10,"column":16}},"8":{"start":{"line":12,"column":2},"end":{"line":12,"column":46}},"9":{"start":{"line":13,"column":2},"end":{"line":13,"column":28}},"10":{"start":{"line":14,"column":2},"end":{"line":14,"column":57}},"11":{"start":{"line":15,"column":2},"end":{"line":15,"column":13}},"12":{"start":{"line":20,"column":0},"end":{"line":27,"column":1}},"13":{"start":{"line":21,"column":1},"end":{"line":21,"column":59}},"14":{"start":{"line":21,"column":34},"end":{"line":21,"column":43}},"15":{"start":{"line":22,"column":1},"end":{"line":26,"column":2}},"16":{"start":{"line":23,"column":5},"end":{"line":23,"column":17}},"17":{"start":{"line":25,"column":5},"end":{"line":25,"column":28}}},"branchMap":{"1":{"line":7,"type":"if","locations":[{"start":{"line":7,"column":2},"end":{"line":7,"column":2}},{"start":{"line":7,"column":2},"end":{"line":7,"column":2}}]},"2":{"line":22,"type":"if","locations":[{"start":{"line":22,"column":1},"end":{"line":22,"column":1}},{"start":{"line":22,"column":1},"end":{"line":22,"column":1}}]}}}}